<?xml version="1.0" encoding="UTF-8"?>
<robot generator="Robot 4.1.3 (Python 3.10.2 on win32)" generated="20220211 14:49:18.175" rpa="false" schemaversion="2">
<suite id="s1" name="Verify Valid Credential Suite" source="C:\Users\Chandhana\OneDrive\Desktop\LTTS\rb_framework\login_suite\verify_valid_credential_suite.robot">
<test id="s1-t1" name="Verify Valid Credential Test">
<kw name="Append To Environment Variable" library="OperatingSystem">
<arg>path</arg>
<arg>${EXECDIR}\\drivers</arg>
<doc>Appends given ``values`` to environment variable ``name``.</doc>
<msg timestamp="20220211 14:49:18.489" level="INFO">Environment variable 'path' set to value 'C:\ProgramData\Oracle\Java\javapath;C:\WINDOWS\system32;C:\WINDOWS;C:\WINDOWS\System32\Wbem;C:\WINDOWS\System32\WindowsPowerShell\v1.0\;C:\WINDOWS\System32\OpenSSH\;C:\Program Files\Java\jdk1.8.0_162\bin;C:\Program Files\Java\jre1.8.0_162\bin;C:\Program Files\Git\cmd;C:\Users\Chandhana\AppData\Local\Programs\Python\Python310\Scripts\;C:\Users\Chandhana\AppData\Local\Programs\Python\Python310\;C:\Users\Chandhana\AppData\Local\Microsoft\WindowsApps;;C:\Users\Chandhana\OneDrive\Desktop\LTTS\rb_framework\drivers'.</msg>
<status status="PASS" starttime="20220211 14:49:18.489" endtime="20220211 14:49:18.489"/>
</kw>
<kw name="Open Browser" library="SeleniumLibrary">
<arg>url=https://demo.openemr.io/b/openemr/index.php</arg>
<arg>browser=chrome</arg>
<doc>Opens a new browser instance to the optional ``url``.</doc>
<msg timestamp="20220211 14:49:18.490" level="INFO">Opening browser 'chrome' to base url 'https://demo.openemr.io/b/openemr/index.php'.</msg>
<status status="PASS" starttime="20220211 14:49:18.490" endtime="20220211 14:49:23.281"/>
</kw>
<kw name="Maximize Browser Window" library="SeleniumLibrary">
<doc>Maximizes current browser window.</doc>
<status status="PASS" starttime="20220211 14:49:23.282" endtime="20220211 14:49:23.409"/>
</kw>
<kw name="Set Selenium Implicit Wait" library="SeleniumLibrary">
<arg>30s</arg>
<doc>Sets the implicit wait value used by Selenium.</doc>
<status status="PASS" starttime="20220211 14:49:23.409" endtime="20220211 14:49:23.413"/>
</kw>
<kw name="Input Text" library="SeleniumLibrary">
<arg>id=authUser</arg>
<arg>admin12</arg>
<doc>Types the given ``text`` into the text field identified by ``locator``.</doc>
<msg timestamp="20220211 14:49:23.415" level="INFO">Typing text 'admin12' into text field 'id=authUser'.</msg>
<status status="PASS" starttime="20220211 14:49:23.414" endtime="20220211 14:49:23.557"/>
</kw>
<kw name="Input Password" library="SeleniumLibrary">
<arg>id=clearPass</arg>
<arg>pass</arg>
<doc>Types the given password into the text field identified by ``locator``.</doc>
<msg timestamp="20220211 14:49:23.558" level="INFO">Typing password into text field 'id=clearPass'.</msg>
<msg timestamp="20220211 14:49:23.630" level="INFO">Temporally setting log level to: NONE</msg>
<msg timestamp="20220211 14:49:23.716" level="INFO">Log level changed from NONE to INFO.</msg>
<status status="PASS" starttime="20220211 14:49:23.558" endtime="20220211 14:49:23.716"/>
</kw>
<kw name="Select From List By Label" library="SeleniumLibrary">
<arg>name=languageChoice</arg>
<arg>English (Indian)</arg>
<doc>Selects options from selection list ``locator`` by ``labels``.</doc>
<msg timestamp="20220211 14:49:23.717" level="INFO">Selecting options from selection list 'name=languageChoice' by label English (Indian).</msg>
<status status="PASS" starttime="20220211 14:49:23.717" endtime="20220211 14:49:23.856"/>
</kw>
<kw name="Click Element" library="SeleniumLibrary">
<arg>xpath=//button[@type='submit']</arg>
<doc>Click the element identified by ``locator``.</doc>
<msg timestamp="20220211 14:49:23.857" level="INFO">Clicking element 'xpath=//button[@type='submit']'.</msg>
<status status="PASS" starttime="20220211 14:49:23.856" endtime="20220211 14:49:25.648"/>
</kw>
<kw name="Title Should Be" library="SeleniumLibrary">
<arg>OpenEMR</arg>
<doc>Verifies that the current page title equals ``title``.</doc>
<msg timestamp="20220211 14:49:26.062" level="INFO" html="true">&lt;/td&gt;&lt;/tr&gt;&lt;tr&gt;&lt;td colspan="3"&gt;&lt;a href="selenium-screenshot-1.png"&gt;&lt;img src="selenium-screenshot-1.png" width="800px"&gt;&lt;/a&gt;</msg>
<msg timestamp="20220211 14:49:26.089" level="FAIL">Title should have been 'OpenEMR' but was 'OpenEMR Login'.</msg>
<status status="FAIL" starttime="20220211 14:49:25.651" endtime="20220211 14:49:26.089"/>
</kw>
<kw name="Close Browser" library="SeleniumLibrary">
<doc>Closes the current browser.</doc>
<status status="NOT RUN" starttime="20220211 14:49:26.089" endtime="20220211 14:49:26.093"/>
</kw>
<status status="FAIL" starttime="20220211 14:49:18.488" endtime="20220211 14:49:26.094">Title should have been 'OpenEMR' but was 'OpenEMR Login'.</status>
</test>
<doc>This suite file verifies all test cases related to valid credentials</doc>
<status status="FAIL" starttime="20220211 14:49:18.177" endtime="20220211 14:49:26.096"/>
</suite>
<statistics>
<total>
<stat pass="0" fail="1" skip="0">All Tests</stat>
</total>
<tag>
</tag>
<suite>
<stat pass="0" fail="1" skip="0" id="s1" name="Verify Valid Credential Suite">Verify Valid Credential Suite</stat>
</suite>
</statistics>
<errors>
</errors>
</robot>
