<?xml version="1.0" encoding="UTF-8"?>
<robot generator="Robot 4.1.3 (Python 3.10.2 on win32)" generated="20220212 11:44:20.705" rpa="false" schemaversion="2">
<suite id="s1" name="Verify Valid Credential Suite" source="C:\Users\Chandhana\OneDrive\Desktop\LTTS\rb_framework\login_suite\verify_valid_credential_suite.robot">
<test id="s1-t1" name="TC1">
<kw name="Launch Browser" library="common_functionality" type="SETUP">
<kw name="Set Local Variable" library="BuiltIn">
<arg>${driver}</arg>
<arg>chromedriver</arg>
<doc>Makes a variable available everywhere within the local scope.</doc>
<msg timestamp="20220212 11:44:22.787" level="INFO">${driver} = chromedriver</msg>
<status status="PASS" starttime="20220212 11:44:22.786" endtime="20220212 11:44:22.787"/>
</kw>
<if>
<branch type="IF" condition="'${BROWSER_NAME}' == 'firefox'">
<kw name="Set Local Variable" library="BuiltIn">
<arg>${driver}</arg>
<arg>geckodriver.exe</arg>
<doc>Makes a variable available everywhere within the local scope.</doc>
<status status="NOT RUN" starttime="20220212 11:44:22.788" endtime="20220212 11:44:22.788"/>
</kw>
<status status="NOT RUN" starttime="20220212 11:44:22.787" endtime="20220212 11:44:22.788"/>
</branch>
<branch type="ELSE IF" condition="'${BROWSER_NAME}' == 'edge'">
<kw name="Set Local Variable" library="BuiltIn">
<arg>${driver}</arg>
<arg>msedgedriver.exe</arg>
<doc>Makes a variable available everywhere within the local scope.</doc>
<status status="NOT RUN" starttime="20220212 11:44:22.788" endtime="20220212 11:44:22.788"/>
</kw>
<status status="NOT RUN" starttime="20220212 11:44:22.788" endtime="20220212 11:44:22.788"/>
</branch>
<branch type="ELSE IF" condition="'${BROWSER_NAME}' == 'safari'">
<kw name="Set Local Variable" library="BuiltIn">
<arg>${driver}</arg>
<arg>safaridriver.exe</arg>
<doc>Makes a variable available everywhere within the local scope.</doc>
<status status="NOT RUN" starttime="20220212 11:44:22.788" endtime="20220212 11:44:22.788"/>
</kw>
<status status="NOT RUN" starttime="20220212 11:44:22.788" endtime="20220212 11:44:22.788"/>
</branch>
<status status="PASS" starttime="20220212 11:44:22.787" endtime="20220212 11:44:22.788"/>
</if>
<kw name="Append To Environment Variable" library="OperatingSystem">
<arg>path</arg>
<arg>${EXECDIR}\\drivers</arg>
<doc>Appends given ``values`` to environment variable ``name``.</doc>
<msg timestamp="20220212 11:44:22.789" level="INFO">Environment variable 'path' set to value 'C:\ProgramData\Oracle\Java\javapath;C:\WINDOWS\system32;C:\WINDOWS;C:\WINDOWS\System32\Wbem;C:\WINDOWS\System32\WindowsPowerShell\v1.0\;C:\WINDOWS\System32\OpenSSH\;C:\Program Files\Java\jdk1.8.0_162\bin;C:\Program Files\Java\jre1.8.0_162\bin;C:\Program Files\Git\cmd;C:\Users\Chandhana\AppData\Local\Programs\Python\Python310\Scripts\;C:\Users\Chandhana\AppData\Local\Programs\Python\Python310\;C:\Users\Chandhana\AppData\Local\Microsoft\WindowsApps;;C:\Users\Chandhana\OneDrive\Desktop\LTTS\rb_framework\drivers'.</msg>
<status status="PASS" starttime="20220212 11:44:22.788" endtime="20220212 11:44:22.789"/>
</kw>
<kw name="Open Browser" library="SeleniumLibrary">
<arg>url=${URL}</arg>
<arg>browser=${BROWSER_NAME}</arg>
<doc>Opens a new browser instance to the optional ``url``.</doc>
<msg timestamp="20220212 11:44:22.789" level="INFO">Opening browser 'chrome' to base url 'https://demo.openemr.io/b/openemr/index.php'.</msg>
<status status="PASS" starttime="20220212 11:44:22.789" endtime="20220212 11:44:30.016"/>
</kw>
<kw name="Maximize Browser Window" library="SeleniumLibrary">
<doc>Maximizes current browser window.</doc>
<status status="PASS" starttime="20220212 11:44:30.016" endtime="20220212 11:44:30.143"/>
</kw>
<kw name="Set Selenium Implicit Wait" library="SeleniumLibrary">
<arg>30s</arg>
<doc>Sets the implicit wait value used by Selenium.</doc>
<status status="PASS" starttime="20220212 11:44:30.143" endtime="20220212 11:44:30.144"/>
</kw>
<kw name="Set Screenshot Directory" library="SeleniumLibrary">
<arg>${EXECDIR}${/}screenshot</arg>
<doc>Sets the directory for captured screenshots.</doc>
<status status="PASS" starttime="20220212 11:44:30.144" endtime="20220212 11:44:30.144"/>
</kw>
<status status="PASS" starttime="20220212 11:44:22.786" endtime="20220212 11:44:30.145"/>
</kw>
<kw name="Verify Valid Credentials Template">
<arg>admin</arg>
<arg>pass</arg>
<arg>English (Indian)</arg>
<arg>OpenEMR</arg>
<kw name="Input Text" library="SeleniumLibrary">
<arg>id=authUser</arg>
<arg>${username}</arg>
<doc>Types the given ``text`` into the text field identified by ``locator``.</doc>
<msg timestamp="20220212 11:44:30.147" level="INFO">Typing text 'admin' into text field 'id=authUser'.</msg>
<status status="PASS" starttime="20220212 11:44:30.146" endtime="20220212 11:44:30.259"/>
</kw>
<kw name="Input Password" library="SeleniumLibrary">
<arg>id=clearPass</arg>
<arg>${password}</arg>
<doc>Types the given password into the text field identified by ``locator``.</doc>
<msg timestamp="20220212 11:44:30.259" level="INFO">Typing password into text field 'id=clearPass'.</msg>
<msg timestamp="20220212 11:44:30.300" level="INFO">Temporally setting log level to: NONE</msg>
<msg timestamp="20220212 11:44:30.342" level="INFO">Log level changed from NONE to INFO.</msg>
<status status="PASS" starttime="20220212 11:44:30.259" endtime="20220212 11:44:30.342"/>
</kw>
<kw name="Select From List By Label" library="SeleniumLibrary">
<arg>name=languageChoice</arg>
<arg>${language}</arg>
<doc>Selects options from selection list ``locator`` by ``labels``.</doc>
<msg timestamp="20220212 11:44:30.342" level="INFO">Selecting options from selection list 'name=languageChoice' by label English (Indian).</msg>
<status status="PASS" starttime="20220212 11:44:30.342" endtime="20220212 11:44:30.408"/>
</kw>
<kw name="Click Element" library="SeleniumLibrary">
<arg>xpath=//button[@type='submit']</arg>
<doc>Click the element identified by ``locator``.</doc>
<msg timestamp="20220212 11:44:30.408" level="INFO">Clicking element 'xpath=//button[@type='submit']'.</msg>
<status status="PASS" starttime="20220212 11:44:30.408" endtime="20220212 11:44:34.217"/>
</kw>
<kw name="Title Should Be" library="SeleniumLibrary">
<arg>${expected_title}</arg>
<doc>Verifies that the current page title equals ``title``.</doc>
<msg timestamp="20220212 11:44:34.221" level="INFO">Page title is 'OpenEMR'.</msg>
<status status="PASS" starttime="20220212 11:44:34.217" endtime="20220212 11:44:34.221"/>
</kw>
<status status="PASS" starttime="20220212 11:44:30.146" endtime="20220212 11:44:34.221"/>
</kw>
<kw name="End Browser" library="common_functionality" type="TEARDOWN">
<kw name="Capture Page Screenshot" library="SeleniumLibrary">
<doc>Takes a screenshot of the current page and embeds it into a log file.</doc>
<msg timestamp="20220212 11:44:34.420" level="INFO" html="true">&lt;/td&gt;&lt;/tr&gt;&lt;tr&gt;&lt;td colspan="3"&gt;&lt;a href="screenshot/selenium-screenshot-5.png"&gt;&lt;img src="screenshot/selenium-screenshot-5.png" width="800px"&gt;&lt;/a&gt;</msg>
<status status="PASS" starttime="20220212 11:44:34.222" endtime="20220212 11:44:34.420"/>
</kw>
<kw name="Close Browser" library="SeleniumLibrary">
<doc>Closes the current browser.</doc>
<status status="PASS" starttime="20220212 11:44:34.420" endtime="20220212 11:44:36.644"/>
</kw>
<status status="PASS" starttime="20220212 11:44:34.222" endtime="20220212 11:44:36.644"/>
</kw>
<status status="PASS" starttime="20220212 11:44:22.783" endtime="20220212 11:44:36.645"/>
</test>
<test id="s1-t2" name="TC1">
<kw name="Launch Browser" library="common_functionality" type="SETUP">
<kw name="Set Local Variable" library="BuiltIn">
<arg>${driver}</arg>
<arg>chromedriver</arg>
<doc>Makes a variable available everywhere within the local scope.</doc>
<msg timestamp="20220212 11:44:36.657" level="INFO">${driver} = chromedriver</msg>
<status status="PASS" starttime="20220212 11:44:36.654" endtime="20220212 11:44:36.657"/>
</kw>
<if>
<branch type="IF" condition="'${BROWSER_NAME}' == 'firefox'">
<kw name="Set Local Variable" library="BuiltIn">
<arg>${driver}</arg>
<arg>geckodriver.exe</arg>
<doc>Makes a variable available everywhere within the local scope.</doc>
<status status="NOT RUN" starttime="20220212 11:44:36.658" endtime="20220212 11:44:36.658"/>
</kw>
<status status="NOT RUN" starttime="20220212 11:44:36.657" endtime="20220212 11:44:36.658"/>
</branch>
<branch type="ELSE IF" condition="'${BROWSER_NAME}' == 'edge'">
<kw name="Set Local Variable" library="BuiltIn">
<arg>${driver}</arg>
<arg>msedgedriver.exe</arg>
<doc>Makes a variable available everywhere within the local scope.</doc>
<status status="NOT RUN" starttime="20220212 11:44:36.658" endtime="20220212 11:44:36.659"/>
</kw>
<status status="NOT RUN" starttime="20220212 11:44:36.658" endtime="20220212 11:44:36.659"/>
</branch>
<branch type="ELSE IF" condition="'${BROWSER_NAME}' == 'safari'">
<kw name="Set Local Variable" library="BuiltIn">
<arg>${driver}</arg>
<arg>safaridriver.exe</arg>
<doc>Makes a variable available everywhere within the local scope.</doc>
<status status="NOT RUN" starttime="20220212 11:44:36.659" endtime="20220212 11:44:36.659"/>
</kw>
<status status="NOT RUN" starttime="20220212 11:44:36.659" endtime="20220212 11:44:36.659"/>
</branch>
<status status="PASS" starttime="20220212 11:44:36.657" endtime="20220212 11:44:36.659"/>
</if>
<kw name="Append To Environment Variable" library="OperatingSystem">
<arg>path</arg>
<arg>${EXECDIR}\\drivers</arg>
<doc>Appends given ``values`` to environment variable ``name``.</doc>
<msg timestamp="20220212 11:44:36.660" level="INFO">Environment variable 'path' set to value 'C:\ProgramData\Oracle\Java\javapath;C:\WINDOWS\system32;C:\WINDOWS;C:\WINDOWS\System32\Wbem;C:\WINDOWS\System32\WindowsPowerShell\v1.0\;C:\WINDOWS\System32\OpenSSH\;C:\Program Files\Java\jdk1.8.0_162\bin;C:\Program Files\Java\jre1.8.0_162\bin;C:\Program Files\Git\cmd;C:\Users\Chandhana\AppData\Local\Programs\Python\Python310\Scripts\;C:\Users\Chandhana\AppData\Local\Programs\Python\Python310\;C:\Users\Chandhana\AppData\Local\Microsoft\WindowsApps;;C:\Users\Chandhana\OneDrive\Desktop\LTTS\rb_framework\drivers;C:\Users\Chandhana\OneDrive\Desktop\LTTS\rb_framework\drivers'.</msg>
<status status="PASS" starttime="20220212 11:44:36.660" endtime="20220212 11:44:36.660"/>
</kw>
<kw name="Open Browser" library="SeleniumLibrary">
<arg>url=${URL}</arg>
<arg>browser=${BROWSER_NAME}</arg>
<doc>Opens a new browser instance to the optional ``url``.</doc>
<msg timestamp="20220212 11:44:36.662" level="INFO">Opening browser 'chrome' to base url 'https://demo.openemr.io/b/openemr/index.php'.</msg>
<status status="PASS" starttime="20220212 11:44:36.661" endtime="20220212 11:44:43.750"/>
</kw>
<kw name="Maximize Browser Window" library="SeleniumLibrary">
<doc>Maximizes current browser window.</doc>
<status status="PASS" starttime="20220212 11:44:43.751" endtime="20220212 11:44:43.870"/>
</kw>
<kw name="Set Selenium Implicit Wait" library="SeleniumLibrary">
<arg>30s</arg>
<doc>Sets the implicit wait value used by Selenium.</doc>
<status status="PASS" starttime="20220212 11:44:43.870" endtime="20220212 11:44:43.872"/>
</kw>
<kw name="Set Screenshot Directory" library="SeleniumLibrary">
<arg>${EXECDIR}${/}screenshot</arg>
<doc>Sets the directory for captured screenshots.</doc>
<status status="PASS" starttime="20220212 11:44:43.872" endtime="20220212 11:44:43.873"/>
</kw>
<status status="PASS" starttime="20220212 11:44:36.654" endtime="20220212 11:44:43.873"/>
</kw>
<kw name="Verify Valid Credentials Template">
<arg>physician</arg>
<arg>physician</arg>
<arg>Dutch</arg>
<arg>OpenEMR</arg>
<kw name="Input Text" library="SeleniumLibrary">
<arg>id=authUser</arg>
<arg>${username}</arg>
<doc>Types the given ``text`` into the text field identified by ``locator``.</doc>
<msg timestamp="20220212 11:44:43.875" level="INFO">Typing text 'physician' into text field 'id=authUser'.</msg>
<status status="PASS" starttime="20220212 11:44:43.874" endtime="20220212 11:44:43.996"/>
</kw>
<kw name="Input Password" library="SeleniumLibrary">
<arg>id=clearPass</arg>
<arg>${password}</arg>
<doc>Types the given password into the text field identified by ``locator``.</doc>
<msg timestamp="20220212 11:44:43.997" level="INFO">Typing password into text field 'id=clearPass'.</msg>
<msg timestamp="20220212 11:44:44.037" level="INFO">Temporally setting log level to: NONE</msg>
<msg timestamp="20220212 11:44:44.083" level="INFO">Log level changed from NONE to INFO.</msg>
<status status="PASS" starttime="20220212 11:44:43.996" endtime="20220212 11:44:44.083"/>
</kw>
<kw name="Select From List By Label" library="SeleniumLibrary">
<arg>name=languageChoice</arg>
<arg>${language}</arg>
<doc>Selects options from selection list ``locator`` by ``labels``.</doc>
<msg timestamp="20220212 11:44:44.084" level="INFO">Selecting options from selection list 'name=languageChoice' by label Dutch.</msg>
<status status="PASS" starttime="20220212 11:44:44.083" endtime="20220212 11:44:44.146"/>
</kw>
<kw name="Click Element" library="SeleniumLibrary">
<arg>xpath=//button[@type='submit']</arg>
<doc>Click the element identified by ``locator``.</doc>
<msg timestamp="20220212 11:44:44.146" level="INFO">Clicking element 'xpath=//button[@type='submit']'.</msg>
<status status="PASS" starttime="20220212 11:44:44.146" endtime="20220212 11:44:48.695"/>
</kw>
<kw name="Title Should Be" library="SeleniumLibrary">
<arg>${expected_title}</arg>
<doc>Verifies that the current page title equals ``title``.</doc>
<msg timestamp="20220212 11:44:48.701" level="INFO">Page title is 'OpenEMR'.</msg>
<status status="PASS" starttime="20220212 11:44:48.695" endtime="20220212 11:44:48.701"/>
</kw>
<status status="PASS" starttime="20220212 11:44:43.874" endtime="20220212 11:44:48.701"/>
</kw>
<kw name="End Browser" library="common_functionality" type="TEARDOWN">
<kw name="Capture Page Screenshot" library="SeleniumLibrary">
<doc>Takes a screenshot of the current page and embeds it into a log file.</doc>
<msg timestamp="20220212 11:44:48.884" level="INFO" html="true">&lt;/td&gt;&lt;/tr&gt;&lt;tr&gt;&lt;td colspan="3"&gt;&lt;a href="screenshot/selenium-screenshot-6.png"&gt;&lt;img src="screenshot/selenium-screenshot-6.png" width="800px"&gt;&lt;/a&gt;</msg>
<status status="PASS" starttime="20220212 11:44:48.702" endtime="20220212 11:44:48.884"/>
</kw>
<kw name="Close Browser" library="SeleniumLibrary">
<doc>Closes the current browser.</doc>
<status status="PASS" starttime="20220212 11:44:48.885" endtime="20220212 11:44:51.122"/>
</kw>
<status status="PASS" starttime="20220212 11:44:48.701" endtime="20220212 11:44:51.123"/>
</kw>
<status status="PASS" starttime="20220212 11:44:36.650" endtime="20220212 11:44:51.124"/>
</test>
<test id="s1-t3" name="TC1">
<kw name="Launch Browser" library="common_functionality" type="SETUP">
<kw name="Set Local Variable" library="BuiltIn">
<arg>${driver}</arg>
<arg>chromedriver</arg>
<doc>Makes a variable available everywhere within the local scope.</doc>
<msg timestamp="20220212 11:44:51.133" level="INFO">${driver} = chromedriver</msg>
<status status="PASS" starttime="20220212 11:44:51.131" endtime="20220212 11:44:51.133"/>
</kw>
<if>
<branch type="IF" condition="'${BROWSER_NAME}' == 'firefox'">
<kw name="Set Local Variable" library="BuiltIn">
<arg>${driver}</arg>
<arg>geckodriver.exe</arg>
<doc>Makes a variable available everywhere within the local scope.</doc>
<status status="NOT RUN" starttime="20220212 11:44:51.133" endtime="20220212 11:44:51.134"/>
</kw>
<status status="NOT RUN" starttime="20220212 11:44:51.133" endtime="20220212 11:44:51.134"/>
</branch>
<branch type="ELSE IF" condition="'${BROWSER_NAME}' == 'edge'">
<kw name="Set Local Variable" library="BuiltIn">
<arg>${driver}</arg>
<arg>msedgedriver.exe</arg>
<doc>Makes a variable available everywhere within the local scope.</doc>
<status status="NOT RUN" starttime="20220212 11:44:51.134" endtime="20220212 11:44:51.134"/>
</kw>
<status status="NOT RUN" starttime="20220212 11:44:51.134" endtime="20220212 11:44:51.134"/>
</branch>
<branch type="ELSE IF" condition="'${BROWSER_NAME}' == 'safari'">
<kw name="Set Local Variable" library="BuiltIn">
<arg>${driver}</arg>
<arg>safaridriver.exe</arg>
<doc>Makes a variable available everywhere within the local scope.</doc>
<status status="NOT RUN" starttime="20220212 11:44:51.135" endtime="20220212 11:44:51.135"/>
</kw>
<status status="NOT RUN" starttime="20220212 11:44:51.135" endtime="20220212 11:44:51.135"/>
</branch>
<status status="PASS" starttime="20220212 11:44:51.133" endtime="20220212 11:44:51.135"/>
</if>
<kw name="Append To Environment Variable" library="OperatingSystem">
<arg>path</arg>
<arg>${EXECDIR}\\drivers</arg>
<doc>Appends given ``values`` to environment variable ``name``.</doc>
<msg timestamp="20220212 11:44:51.136" level="INFO">Environment variable 'path' set to value 'C:\ProgramData\Oracle\Java\javapath;C:\WINDOWS\system32;C:\WINDOWS;C:\WINDOWS\System32\Wbem;C:\WINDOWS\System32\WindowsPowerShell\v1.0\;C:\WINDOWS\System32\OpenSSH\;C:\Program Files\Java\jdk1.8.0_162\bin;C:\Program Files\Java\jre1.8.0_162\bin;C:\Program Files\Git\cmd;C:\Users\Chandhana\AppData\Local\Programs\Python\Python310\Scripts\;C:\Users\Chandhana\AppData\Local\Programs\Python\Python310\;C:\Users\Chandhana\AppData\Local\Microsoft\WindowsApps;;C:\Users\Chandhana\OneDrive\Desktop\LTTS\rb_framework\drivers;C:\Users\Chandhana\OneDrive\Desktop\LTTS\rb_framework\drivers;C:\Users\Chandhana\OneDrive\Desktop\LTTS\rb_framework\drivers'.</msg>
<status status="PASS" starttime="20220212 11:44:51.135" endtime="20220212 11:44:51.136"/>
</kw>
<kw name="Open Browser" library="SeleniumLibrary">
<arg>url=${URL}</arg>
<arg>browser=${BROWSER_NAME}</arg>
<doc>Opens a new browser instance to the optional ``url``.</doc>
<msg timestamp="20220212 11:44:51.137" level="INFO">Opening browser 'chrome' to base url 'https://demo.openemr.io/b/openemr/index.php'.</msg>
<status status="PASS" starttime="20220212 11:44:51.136" endtime="20220212 11:44:58.560"/>
</kw>
<kw name="Maximize Browser Window" library="SeleniumLibrary">
<doc>Maximizes current browser window.</doc>
<status status="PASS" starttime="20220212 11:44:58.560" endtime="20220212 11:44:58.681"/>
</kw>
<kw name="Set Selenium Implicit Wait" library="SeleniumLibrary">
<arg>30s</arg>
<doc>Sets the implicit wait value used by Selenium.</doc>
<status status="PASS" starttime="20220212 11:44:58.682" endtime="20220212 11:44:58.685"/>
</kw>
<kw name="Set Screenshot Directory" library="SeleniumLibrary">
<arg>${EXECDIR}${/}screenshot</arg>
<doc>Sets the directory for captured screenshots.</doc>
<status status="PASS" starttime="20220212 11:44:58.685" endtime="20220212 11:44:58.686"/>
</kw>
<status status="PASS" starttime="20220212 11:44:51.130" endtime="20220212 11:44:58.686"/>
</kw>
<kw name="Verify Valid Credentials Template">
<arg>accountant</arg>
<arg>accountant</arg>
<arg>Greek</arg>
<arg>OpenEMR</arg>
<kw name="Input Text" library="SeleniumLibrary">
<arg>id=authUser</arg>
<arg>${username}</arg>
<doc>Types the given ``text`` into the text field identified by ``locator``.</doc>
<msg timestamp="20220212 11:44:58.687" level="INFO">Typing text 'accountant' into text field 'id=authUser'.</msg>
<status status="PASS" starttime="20220212 11:44:58.687" endtime="20220212 11:44:58.822"/>
</kw>
<kw name="Input Password" library="SeleniumLibrary">
<arg>id=clearPass</arg>
<arg>${password}</arg>
<doc>Types the given password into the text field identified by ``locator``.</doc>
<msg timestamp="20220212 11:44:58.822" level="INFO">Typing password into text field 'id=clearPass'.</msg>
<msg timestamp="20220212 11:44:58.867" level="INFO">Temporally setting log level to: NONE</msg>
<msg timestamp="20220212 11:44:58.910" level="INFO">Log level changed from NONE to INFO.</msg>
<status status="PASS" starttime="20220212 11:44:58.822" endtime="20220212 11:44:58.910"/>
</kw>
<kw name="Select From List By Label" library="SeleniumLibrary">
<arg>name=languageChoice</arg>
<arg>${language}</arg>
<doc>Selects options from selection list ``locator`` by ``labels``.</doc>
<msg timestamp="20220212 11:44:58.911" level="INFO">Selecting options from selection list 'name=languageChoice' by label Greek.</msg>
<status status="PASS" starttime="20220212 11:44:58.911" endtime="20220212 11:44:58.970"/>
</kw>
<kw name="Click Element" library="SeleniumLibrary">
<arg>xpath=//button[@type='submit']</arg>
<doc>Click the element identified by ``locator``.</doc>
<msg timestamp="20220212 11:44:58.971" level="INFO">Clicking element 'xpath=//button[@type='submit']'.</msg>
<status status="PASS" starttime="20220212 11:44:58.970" endtime="20220212 11:45:02.520"/>
</kw>
<kw name="Title Should Be" library="SeleniumLibrary">
<arg>${expected_title}</arg>
<doc>Verifies that the current page title equals ``title``.</doc>
<msg timestamp="20220212 11:45:02.529" level="INFO">Page title is 'OpenEMR'.</msg>
<status status="PASS" starttime="20220212 11:45:02.521" endtime="20220212 11:45:02.529"/>
</kw>
<status status="PASS" starttime="20220212 11:44:58.687" endtime="20220212 11:45:02.529"/>
</kw>
<kw name="End Browser" library="common_functionality" type="TEARDOWN">
<kw name="Capture Page Screenshot" library="SeleniumLibrary">
<doc>Takes a screenshot of the current page and embeds it into a log file.</doc>
<msg timestamp="20220212 11:45:02.711" level="INFO" html="true">&lt;/td&gt;&lt;/tr&gt;&lt;tr&gt;&lt;td colspan="3"&gt;&lt;a href="screenshot/selenium-screenshot-7.png"&gt;&lt;img src="screenshot/selenium-screenshot-7.png" width="800px"&gt;&lt;/a&gt;</msg>
<status status="PASS" starttime="20220212 11:45:02.529" endtime="20220212 11:45:02.711"/>
</kw>
<kw name="Close Browser" library="SeleniumLibrary">
<doc>Closes the current browser.</doc>
<status status="PASS" starttime="20220212 11:45:02.711" endtime="20220212 11:45:04.917"/>
</kw>
<status status="PASS" starttime="20220212 11:45:02.529" endtime="20220212 11:45:04.917"/>
</kw>
<status status="PASS" starttime="20220212 11:44:51.127" endtime="20220212 11:45:04.918"/>
</test>
<doc>This suite file verifies all test cases related to valid credentials</doc>
<status status="PASS" starttime="20220212 11:44:20.706" endtime="20220212 11:45:04.920"/>
</suite>
<statistics>
<total>
<stat pass="3" fail="0" skip="0">All Tests</stat>
</total>
<tag>
</tag>
<suite>
<stat pass="3" fail="0" skip="0" id="s1" name="Verify Valid Credential Suite">Verify Valid Credential Suite</stat>
</suite>
</statistics>
<errors>
<msg timestamp="20220212 11:44:36.648" level="WARN">Multiple test cases with name 'TC1' executed in test suite 'Verify Valid Credential Suite'.</msg>
<msg timestamp="20220212 11:44:51.126" level="WARN">Multiple test cases with name 'TC1' executed in test suite 'Verify Valid Credential Suite'.</msg>
</errors>
</robot>
