<?xml version="1.0" encoding="UTF-8"?>
<robot generator="Robot 4.1.3 (Python 3.10.2 on win32)" generated="20220211 16:57:20.466" rpa="false" schemaversion="2">
<suite id="s1" name="Verify Invalid Credentials Suite" source="C:\Users\Chandhana\OneDrive\Desktop\LTTS\rb_framework\login_suite\verify_invalid_credentials_suite.robot">
<test id="s1-t1" name="Verify Valid Credentials Test">
<kw name="Launch Browser" library="common_functionality" type="SETUP">
<kw name="Append To Environment Variable" library="OperatingSystem">
<arg>path</arg>
<arg>${EXECDIR}\\drivers</arg>
<doc>Appends given ``values`` to environment variable ``name``.</doc>
<msg timestamp="20220211 16:57:20.734" level="INFO">Environment variable 'path' set to value 'C:\ProgramData\Oracle\Java\javapath;C:\WINDOWS\system32;C:\WINDOWS;C:\WINDOWS\System32\Wbem;C:\WINDOWS\System32\WindowsPowerShell\v1.0\;C:\WINDOWS\System32\OpenSSH\;C:\Program Files\Java\jdk1.8.0_162\bin;C:\Program Files\Java\jre1.8.0_162\bin;C:\Program Files\Git\cmd;C:\Users\Chandhana\AppData\Local\Programs\Python\Python310\Scripts\;C:\Users\Chandhana\AppData\Local\Programs\Python\Python310\;C:\Users\Chandhana\AppData\Local\Microsoft\WindowsApps;;C:\Users\Chandhana\OneDrive\Desktop\LTTS\rb_framework\drivers'.</msg>
<status status="PASS" starttime="20220211 16:57:20.734" endtime="20220211 16:57:20.734"/>
</kw>
<kw name="Open Browser" library="SeleniumLibrary">
<arg>url=https://demo.openemr.io/b/openemr/index.php</arg>
<arg>browser=chrome</arg>
<doc>Opens a new browser instance to the optional ``url``.</doc>
<msg timestamp="20220211 16:57:20.734" level="INFO">Opening browser 'chrome' to base url 'https://demo.openemr.io/b/openemr/index.php'.</msg>
<status status="PASS" starttime="20220211 16:57:20.734" endtime="20220211 16:57:25.426"/>
</kw>
<kw name="Maximize Browser Window" library="SeleniumLibrary">
<doc>Maximizes current browser window.</doc>
<status status="PASS" starttime="20220211 16:57:25.426" endtime="20220211 16:57:25.543"/>
</kw>
<kw name="Set Selenium Implicit Wait" library="SeleniumLibrary">
<arg>30s</arg>
<doc>Sets the implicit wait value used by Selenium.</doc>
<status status="PASS" starttime="20220211 16:57:25.544" endtime="20220211 16:57:25.547"/>
</kw>
<status status="PASS" starttime="20220211 16:57:20.734" endtime="20220211 16:57:25.547"/>
</kw>
<kw name="Input Text" library="SeleniumLibrary">
<arg>id=authUser</arg>
<arg>chan</arg>
<doc>Types the given ``text`` into the text field identified by ``locator``.</doc>
<msg timestamp="20220211 16:57:25.548" level="INFO">Typing text 'chan' into text field 'id=authUser'.</msg>
<status status="PASS" starttime="20220211 16:57:25.548" endtime="20220211 16:57:25.637"/>
</kw>
<kw name="Input Password" library="SeleniumLibrary">
<arg>id=clearPass</arg>
<arg>pass</arg>
<doc>Types the given password into the text field identified by ``locator``.</doc>
<msg timestamp="20220211 16:57:25.639" level="INFO">Typing password into text field 'id=clearPass'.</msg>
<msg timestamp="20220211 16:57:25.681" level="INFO">Temporally setting log level to: NONE</msg>
<msg timestamp="20220211 16:57:25.720" level="INFO">Log level changed from NONE to INFO.</msg>
<status status="PASS" starttime="20220211 16:57:25.638" endtime="20220211 16:57:25.721"/>
</kw>
<kw name="Select From List By Label" library="SeleniumLibrary">
<arg>name=languageChoice</arg>
<arg>Dutch</arg>
<doc>Selects options from selection list ``locator`` by ``labels``.</doc>
<msg timestamp="20220211 16:57:25.722" level="INFO">Selecting options from selection list 'name=languageChoice' by label Dutch.</msg>
<status status="PASS" starttime="20220211 16:57:25.722" endtime="20220211 16:57:25.787"/>
</kw>
<kw name="Click Element" library="SeleniumLibrary">
<arg>xpath=//button[@type='submit']</arg>
<doc>Click the element identified by ``locator``.</doc>
<msg timestamp="20220211 16:57:25.788" level="INFO">Clicking element 'xpath=//button[@type='submit']'.</msg>
<status status="PASS" starttime="20220211 16:57:25.788" endtime="20220211 16:57:26.820"/>
</kw>
<status status="PASS" starttime="20220211 16:57:20.733" endtime="20220211 16:57:26.822"/>
</test>
<doc>This suite file verifies all test cases related to valid credentials</doc>
<status status="PASS" starttime="20220211 16:57:20.467" endtime="20220211 16:57:26.826"/>
</suite>
<statistics>
<total>
<stat pass="1" fail="0" skip="0">All Tests</stat>
</total>
<tag>
</tag>
<suite>
<stat pass="1" fail="0" skip="0" id="s1" name="Verify Invalid Credentials Suite">Verify Invalid Credentials Suite</stat>
</suite>
</statistics>
<errors>
</errors>
</robot>
